2026-05-19 15:19:22 +05:30: ◇ injecting env (21) from .env // tip: ⌘ custom filepath { path: '/custom/path/.env' }
2026-05-19 15:19:23 +05:30: {"level":30,"time":1779184163789,"pid":23540,"env":"production","component":"bootstrap","msg":"Connecting to datastores"}
2026-05-19 15:19:27 +05:30: {"level":30,"time":1779184167740,"pid":23540,"env":"production","component":"database","db":"neondb","serverTime":"2026-05-19T09:49:27.194Z","msg":"Primary database connected"}
2026-05-19 15:19:27 +05:30: {"level":30,"time":1779184167741,"pid":23540,"env":"production","component":"log-database","msg":"Testing log database connections"}
2026-05-19 15:19:27 +05:30: {"level":60,"time":1779184167821,"pid":23540,"env":"production","component":"bootstrap","err":{"type":"Error","message":"The server does not support SSL connections","stack":"Error: The server does not support SSL connections\n    at C:\\Users\\vikas\\OneDrive\\Desktop\\SaasBackend\\api-monitoring-backend\\node_modules\\pg-pool\\index.js:45:11\n    at process.processTicksAndRejections (node:internal/process/task_queues:105:5)\n    at async LogDatabaseManager.connect (C:\\Users\\vikas\\OneDrive\\Desktop\\SaasBackend\\api-monitoring-backend\\src\\config\\log-database.ts:70:27)\n    at async bootstrap (C:\\Users\\vikas\\OneDrive\\Desktop\\SaasBackend\\api-monitoring-backend\\src\\main.ts:54:5)"},"msg":"Failed to start server"}
2026-05-19 15:19:30 +05:30: ◇ injecting env (21) from .env // tip: ⌁ auth for agents [www.vestauth.com]
2026-05-19 15:19:31 +05:30: {"level":30,"time":1779184171663,"pid":25696,"env":"production","component":"bootstrap","msg":"Connecting to datastores"}
2026-05-19 15:19:35 +05:30: {"level":30,"time":1779184175423,"pid":25696,"env":"production","component":"database","db":"neondb","serverTime":"2026-05-19T09:49:34.955Z","msg":"Primary database connected"}
2026-05-19 15:19:35 +05:30: {"level":30,"time":1779184175425,"pid":25696,"env":"production","component":"log-database","msg":"Testing log database connections"}
2026-05-19 15:19:35 +05:30: {"level":60,"time":1779184175475,"pid":25696,"env":"production","component":"bootstrap","err":{"type":"Error","message":"The server does not support SSL connections","stack":"Error: The server does not support SSL connections\n    at C:\\Users\\vikas\\OneDrive\\Desktop\\SaasBackend\\api-monitoring-backend\\node_modules\\pg-pool\\index.js:45:11\n    at process.processTicksAndRejections (node:internal/process/task_queues:105:5)\n    at async LogDatabaseManager.connect (C:\\Users\\vikas\\OneDrive\\Desktop\\SaasBackend\\api-monitoring-backend\\src\\config\\log-database.ts:70:27)\n    at async bootstrap (C:\\Users\\vikas\\OneDrive\\Desktop\\SaasBackend\\api-monitoring-backend\\src\\main.ts:54:5)"},"msg":"Failed to start server"}
2026-05-19 15:19:37 +05:30: ◇ injecting env (21) from .env // tip: ⌁ auth for agents [www.vestauth.com]
2026-05-19 15:19:38 +05:30: ◇ injecting env (21) from .env // tip: ⌘ custom filepath { path: '/custom/path/.env' }
2026-05-19 15:19:38 +05:30: {"level":30,"time":1779184178468,"pid":23928,"env":"production","component":"bootstrap","msg":"Connecting to datastores"}
2026-05-19 15:19:38 +05:30: {"level":30,"time":1779184178865,"pid":25748,"env":"production","component":"bootstrap","msg":"Connecting to datastores"}
2026-05-19 15:19:42 +05:30: {"level":30,"time":1779184182193,"pid":23928,"env":"production","component":"database","db":"neondb","serverTime":"2026-05-19T09:49:41.741Z","msg":"Primary database connected"}
2026-05-19 15:19:42 +05:30: {"level":30,"time":1779184182195,"pid":23928,"env":"production","component":"log-database","msg":"Testing log database connections"}
2026-05-19 15:19:42 +05:30: {"level":60,"time":1779184182269,"pid":23928,"env":"production","component":"bootstrap","err":{"type":"Error","message":"The server does not support SSL connections","stack":"Error: The server does not support SSL connections\n    at C:\\Users\\vikas\\OneDrive\\Desktop\\SaasBackend\\api-monitoring-backend\\node_modules\\pg-pool\\index.js:45:11\n    at process.processTicksAndRejections (node:internal/process/task_queues:105:5)\n    at async LogDatabaseManager.connect (C:\\Users\\vikas\\OneDrive\\Desktop\\SaasBackend\\api-monitoring-backend\\src\\config\\log-database.ts:70:27)\n    at async bootstrap (C:\\Users\\vikas\\OneDrive\\Desktop\\SaasBackend\\api-monitoring-backend\\src\\main.ts:54:5)"},"msg":"Failed to start server"}
2026-05-19 15:19:42 +05:30: {"level":30,"time":1779184182795,"pid":25748,"env":"production","component":"database","db":"neondb","serverTime":"2026-05-19T09:49:42.309Z","msg":"Primary database connected"}
2026-05-19 15:19:42 +05:30: {"level":30,"time":1779184182796,"pid":25748,"env":"production","component":"log-database","msg":"Testing log database connections"}
2026-05-19 15:19:42 +05:30: {"level":60,"time":1779184182878,"pid":25748,"env":"production","component":"bootstrap","err":{"type":"Error","message":"The server does not support SSL connections","stack":"Error: The server does not support SSL connections\n    at C:\\Users\\vikas\\OneDrive\\Desktop\\SaasBackend\\api-monitoring-backend\\node_modules\\pg-pool\\index.js:45:11\n    at process.processTicksAndRejections (node:internal/process/task_queues:105:5)\n    at async LogDatabaseManager.connect (C:\\Users\\vikas\\OneDrive\\Desktop\\SaasBackend\\api-monitoring-backend\\src\\config\\log-database.ts:70:27)\n    at async bootstrap (C:\\Users\\vikas\\OneDrive\\Desktop\\SaasBackend\\api-monitoring-backend\\src\\main.ts:54:5)"},"msg":"Failed to start server"}
2026-05-19 15:19:44 +05:30: ◇ injecting env (21) from .env // tip: ◈ encrypted .env [www.dotenvx.com]
2026-05-19 15:19:45 +05:30: ◇ injecting env (21) from .env // tip: ⌘ override existing { override: true }
2026-05-19 15:19:45 +05:30: {"level":30,"time":1779184185637,"pid":15536,"env":"production","component":"bootstrap","msg":"Connecting to datastores"}
2026-05-19 15:19:46 +05:30: {"level":30,"time":1779184186064,"pid":16668,"env":"production","component":"bootstrap","msg":"Connecting to datastores"}
2026-05-19 15:19:49 +05:30: {"level":30,"time":1779184189571,"pid":15536,"env":"production","component":"database","db":"neondb","serverTime":"2026-05-19T09:49:49.116Z","msg":"Primary database connected"}
2026-05-19 15:19:49 +05:30: {"level":30,"time":1779184189572,"pid":15536,"env":"production","component":"log-database","msg":"Testing log database connections"}
2026-05-19 15:19:49 +05:30: {"level":60,"time":1779184189662,"pid":15536,"env":"production","component":"bootstrap","err":{"type":"Error","message":"The server does not support SSL connections","stack":"Error: The server does not support SSL connections\n    at C:\\Users\\vikas\\OneDrive\\Desktop\\SaasBackend\\api-monitoring-backend\\node_modules\\pg-pool\\index.js:45:11\n    at process.processTicksAndRejections (node:internal/process/task_queues:105:5)\n    at async LogDatabaseManager.connect (C:\\Users\\vikas\\OneDrive\\Desktop\\SaasBackend\\api-monitoring-backend\\src\\config\\log-database.ts:70:27)\n    at async bootstrap (C:\\Users\\vikas\\OneDrive\\Desktop\\SaasBackend\\api-monitoring-backend\\src\\main.ts:54:5)"},"msg":"Failed to start server"}
2026-05-19 15:19:49 +05:30: {"level":30,"time":1779184189819,"pid":16668,"env":"production","component":"database","db":"neondb","serverTime":"2026-05-19T09:49:49.358Z","msg":"Primary database connected"}
2026-05-19 15:19:49 +05:30: {"level":30,"time":1779184189822,"pid":16668,"env":"production","component":"log-database","msg":"Testing log database connections"}
2026-05-19 15:19:49 +05:30: {"level":60,"time":1779184189929,"pid":16668,"env":"production","component":"bootstrap","err":{"type":"Error","message":"The server does not support SSL connections","stack":"Error: The server does not support SSL connections\n    at C:\\Users\\vikas\\OneDrive\\Desktop\\SaasBackend\\api-monitoring-backend\\node_modules\\pg-pool\\index.js:45:11\n    at process.processTicksAndRejections (node:internal/process/task_queues:105:5)\n    at async LogDatabaseManager.connect (C:\\Users\\vikas\\OneDrive\\Desktop\\SaasBackend\\api-monitoring-backend\\src\\config\\log-database.ts:70:27)\n    at async bootstrap (C:\\Users\\vikas\\OneDrive\\Desktop\\SaasBackend\\api-monitoring-backend\\src\\main.ts:54:5)"},"msg":"Failed to start server"}
2026-05-19 15:19:52 +05:30: ◇ injecting env (21) from .env // tip: ◈ secrets for agents [www.dotenvx.com]
2026-05-19 15:19:52 +05:30: ◇ injecting env (21) from .env // tip: ◈ encrypted .env [www.dotenvx.com]
2026-05-19 15:19:52 +05:30: ◇ injecting env (21) from .env // tip: ⌘ enable debugging { debug: true }
2026-05-19 15:19:53 +05:30: {"level":30,"time":1779184193428,"pid":13432,"env":"production","component":"bootstrap","msg":"Connecting to datastores"}
2026-05-19 15:19:53 +05:30: {"level":30,"time":1779184193615,"pid":4892,"env":"production","component":"bootstrap","msg":"Connecting to datastores"}
2026-05-19 15:19:53 +05:30: {"level":30,"time":1779184193775,"pid":26192,"env":"production","component":"bootstrap","msg":"Connecting to datastores"}
2026-05-19 15:19:57 +05:30: {"level":30,"time":1779184197330,"pid":13432,"env":"production","component":"database","db":"neondb","serverTime":"2026-05-19T09:49:56.776Z","msg":"Primary database connected"}
2026-05-19 15:19:57 +05:30: {"level":30,"time":1779184197331,"pid":13432,"env":"production","component":"log-database","msg":"Testing log database connections"}
2026-05-19 15:19:57 +05:30: {"level":60,"time":1779184197403,"pid":13432,"env":"production","component":"bootstrap","err":{"type":"Error","message":"The server does not support SSL connections","stack":"Error: The server does not support SSL connections\n    at C:\\Users\\vikas\\OneDrive\\Desktop\\SaasBackend\\api-monitoring-backend\\node_modules\\pg-pool\\index.js:45:11\n    at process.processTicksAndRejections (node:internal/process/task_queues:105:5)\n    at async LogDatabaseManager.connect (C:\\Users\\vikas\\OneDrive\\Desktop\\SaasBackend\\api-monitoring-backend\\src\\config\\log-database.ts:70:27)\n    at async bootstrap (C:\\Users\\vikas\\OneDrive\\Desktop\\SaasBackend\\api-monitoring-backend\\src\\main.ts:54:5)"},"msg":"Failed to start server"}
2026-05-19 15:19:57 +05:30: {"level":30,"time":1779184197467,"pid":4892,"env":"production","component":"database","db":"neondb","serverTime":"2026-05-19T09:49:57.001Z","msg":"Primary database connected"}
2026-05-19 15:19:57 +05:30: {"level":30,"time":1779184197469,"pid":4892,"env":"production","component":"log-database","msg":"Testing log database connections"}
2026-05-19 15:19:57 +05:30: {"level":60,"time":1779184197575,"pid":4892,"env":"production","component":"bootstrap","err":{"type":"Error","message":"The server does not support SSL connections","stack":"Error: The server does not support SSL connections\n    at C:\\Users\\vikas\\OneDrive\\Desktop\\SaasBackend\\api-monitoring-backend\\node_modules\\pg-pool\\index.js:45:11\n    at process.processTicksAndRejections (node:internal/process/task_queues:105:5)\n    at async LogDatabaseManager.connect (C:\\Users\\vikas\\OneDrive\\Desktop\\SaasBackend\\api-monitoring-backend\\src\\config\\log-database.ts:70:27)\n    at async bootstrap (C:\\Users\\vikas\\OneDrive\\Desktop\\SaasBackend\\api-monitoring-backend\\src\\main.ts:54:5)"},"msg":"Failed to start server"}
2026-05-19 15:19:57 +05:30: {"level":30,"time":1779184197764,"pid":26192,"env":"production","component":"database","db":"neondb","serverTime":"2026-05-19T09:49:57.195Z","msg":"Primary database connected"}
2026-05-19 15:19:57 +05:30: {"level":30,"time":1779184197766,"pid":26192,"env":"production","component":"log-database","msg":"Testing log database connections"}
2026-05-19 15:19:57 +05:30: {"level":60,"time":1779184197851,"pid":26192,"env":"production","component":"bootstrap","err":{"type":"Error","message":"The server does not support SSL connections","stack":"Error: The server does not support SSL connections\n    at C:\\Users\\vikas\\OneDrive\\Desktop\\SaasBackend\\api-monitoring-backend\\node_modules\\pg-pool\\index.js:45:11\n    at process.processTicksAndRejections (node:internal/process/task_queues:105:5)\n    at async LogDatabaseManager.connect (C:\\Users\\vikas\\OneDrive\\Desktop\\SaasBackend\\api-monitoring-backend\\src\\config\\log-database.ts:70:27)\n    at async bootstrap (C:\\Users\\vikas\\OneDrive\\Desktop\\SaasBackend\\api-monitoring-backend\\src\\main.ts:54:5)"},"msg":"Failed to start server"}
2026-05-19 15:20:00 +05:30: ◇ injecting env (21) from .env // tip: ⌘ suppress logs { quiet: true }
2026-05-19 15:20:00 +05:30: ◇ injecting env (21) from .env // tip: ⌁ auth for agents [www.vestauth.com]
2026-05-19 15:20:00 +05:30: ◇ injecting env (21) from .env // tip: ⌘ override existing { override: true }
2026-05-19 15:20:00 +05:30: {"level":30,"time":1779184200949,"pid":26236,"env":"production","component":"bootstrap","msg":"Connecting to datastores"}
2026-05-19 15:20:00 +05:30: {"level":30,"time":1779184200985,"pid":5400,"env":"production","component":"bootstrap","msg":"Connecting to datastores"}
2026-05-19 15:20:01 +05:30: {"level":30,"time":1779184201210,"pid":20824,"env":"production","component":"bootstrap","msg":"Connecting to datastores"}
2026-05-19 15:20:04 +05:30: {"level":30,"time":1779184204871,"pid":26236,"env":"production","component":"database","db":"neondb","serverTime":"2026-05-19T09:50:04.404Z","msg":"Primary database connected"}
2026-05-19 15:20:04 +05:30: {"level":30,"time":1779184204870,"pid":5400,"env":"production","component":"database","db":"neondb","serverTime":"2026-05-19T09:50:04.409Z","msg":"Primary database connected"}
2026-05-19 15:20:04 +05:30: {"level":30,"time":1779184204872,"pid":20824,"env":"production","component":"database","db":"neondb","serverTime":"2026-05-19T09:50:04.404Z","msg":"Primary database connected"}
2026-05-19 15:20:04 +05:30: {"level":30,"time":1779184204872,"pid":5400,"env":"production","component":"log-database","msg":"Testing log database connections"}
2026-05-19 15:20:04 +05:30: {"level":30,"time":1779184204873,"pid":26236,"env":"production","component":"log-database","msg":"Testing log database connections"}
2026-05-19 15:20:04 +05:30: {"level":30,"time":1779184204874,"pid":20824,"env":"production","component":"log-database","msg":"Testing log database connections"}
2026-05-19 15:20:04 +05:30: {"level":60,"time":1779184204927,"pid":5400,"env":"production","component":"bootstrap","err":{"type":"Error","message":"The server does not support SSL connections","stack":"Error: The server does not support SSL connections\n    at C:\\Users\\vikas\\OneDrive\\Desktop\\SaasBackend\\api-monitoring-backend\\node_modules\\pg-pool\\index.js:45:11\n    at process.processTicksAndRejections (node:internal/process/task_queues:105:5)\n    at async LogDatabaseManager.connect (C:\\Users\\vikas\\OneDrive\\Desktop\\SaasBackend\\api-monitoring-backend\\src\\config\\log-database.ts:70:27)\n    at async bootstrap (C:\\Users\\vikas\\OneDrive\\Desktop\\SaasBackend\\api-monitoring-backend\\src\\main.ts:54:5)"},"msg":"Failed to start server"}
2026-05-19 15:20:04 +05:30: {"level":60,"time":1779184204934,"pid":26236,"env":"production","component":"bootstrap","err":{"type":"Error","message":"The server does not support SSL connections","stack":"Error: The server does not support SSL connections\n    at C:\\Users\\vikas\\OneDrive\\Desktop\\SaasBackend\\api-monitoring-backend\\node_modules\\pg-pool\\index.js:45:11\n    at process.processTicksAndRejections (node:internal/process/task_queues:105:5)\n    at async LogDatabaseManager.connect (C:\\Users\\vikas\\OneDrive\\Desktop\\SaasBackend\\api-monitoring-backend\\src\\config\\log-database.ts:70:27)\n    at async bootstrap (C:\\Users\\vikas\\OneDrive\\Desktop\\SaasBackend\\api-monitoring-backend\\src\\main.ts:54:5)"},"msg":"Failed to start server"}
2026-05-19 15:20:04 +05:30: {"level":60,"time":1779184204936,"pid":20824,"env":"production","component":"bootstrap","err":{"type":"Error","message":"The server does not support SSL connections","stack":"Error: The server does not support SSL connections\n    at C:\\Users\\vikas\\OneDrive\\Desktop\\SaasBackend\\api-monitoring-backend\\node_modules\\pg-pool\\index.js:45:11\n    at process.processTicksAndRejections (node:internal/process/task_queues:105:5)\n    at async LogDatabaseManager.connect (C:\\Users\\vikas\\OneDrive\\Desktop\\SaasBackend\\api-monitoring-backend\\src\\config\\log-database.ts:70:27)\n    at async bootstrap (C:\\Users\\vikas\\OneDrive\\Desktop\\SaasBackend\\api-monitoring-backend\\src\\main.ts:54:5)"},"msg":"Failed to start server"}
2026-05-19 15:20:07 +05:30: ◇ injecting env (21) from .env // tip: ◈ secrets for agents [www.dotenvx.com]
2026-05-19 15:20:07 +05:30: ◇ injecting env (21) from .env // tip: ⌁ auth for agents [www.vestauth.com]
2026-05-19 15:20:07 +05:30: ◇ injecting env (21) from .env // tip: ⌘ suppress logs { quiet: true }
2026-05-19 15:20:07 +05:30: ◇ injecting env (21) from .env // tip: ⌘ custom filepath { path: '/custom/path/.env' }
2026-05-19 15:20:07 +05:30: {"level":30,"time":1779184207989,"pid":1300,"env":"production","component":"bootstrap","msg":"Connecting to datastores"}
2026-05-19 15:20:07 +05:30: {"level":30,"time":1779184207993,"pid":25812,"env":"production","component":"bootstrap","msg":"Connecting to datastores"}
2026-05-19 15:20:08 +05:30: {"level":30,"time":1779184208034,"pid":20572,"env":"production","component":"bootstrap","msg":"Connecting to datastores"}
2026-05-19 15:20:08 +05:30: {"level":30,"time":1779184208688,"pid":16528,"env":"production","component":"bootstrap","msg":"Connecting to datastores"}
2026-05-19 15:20:11 +05:30: {"level":30,"time":1779184211781,"pid":1300,"env":"production","component":"database","db":"neondb","serverTime":"2026-05-19T09:50:11.248Z","msg":"Primary database connected"}
2026-05-19 15:20:11 +05:30: {"level":30,"time":1779184211782,"pid":1300,"env":"production","component":"log-database","msg":"Testing log database connections"}
2026-05-19 15:20:11 +05:30: {"level":30,"time":1779184211785,"pid":25812,"env":"production","component":"database","db":"neondb","serverTime":"2026-05-19T09:50:11.333Z","msg":"Primary database connected"}
2026-05-19 15:20:11 +05:30: {"level":30,"time":1779184211787,"pid":25812,"env":"production","component":"log-database","msg":"Testing log database connections"}
2026-05-19 15:20:11 +05:30: {"level":30,"time":1779184211827,"pid":20572,"env":"production","component":"database","db":"neondb","serverTime":"2026-05-19T09:50:11.357Z","msg":"Primary database connected"}
2026-05-19 15:20:11 +05:30: {"level":30,"time":1779184211828,"pid":20572,"env":"production","component":"log-database","msg":"Testing log database connections"}
2026-05-19 15:20:11 +05:30: {"level":60,"time":1779184211847,"pid":1300,"env":"production","component":"bootstrap","err":{"type":"Error","message":"The server does not support SSL connections","stack":"Error: The server does not support SSL connections\n    at C:\\Users\\vikas\\OneDrive\\Desktop\\SaasBackend\\api-monitoring-backend\\node_modules\\pg-pool\\index.js:45:11\n    at process.processTicksAndRejections (node:internal/process/task_queues:105:5)\n    at async LogDatabaseManager.connect (C:\\Users\\vikas\\OneDrive\\Desktop\\SaasBackend\\api-monitoring-backend\\src\\config\\log-database.ts:70:27)\n    at async bootstrap (C:\\Users\\vikas\\OneDrive\\Desktop\\SaasBackend\\api-monitoring-backend\\src\\main.ts:54:5)"},"msg":"Failed to start server"}
2026-05-19 15:20:11 +05:30: {"level":60,"time":1779184211866,"pid":25812,"env":"production","component":"bootstrap","err":{"type":"Error","message":"The server does not support SSL connections","stack":"Error: The server does not support SSL connections\n    at C:\\Users\\vikas\\OneDrive\\Desktop\\SaasBackend\\api-monitoring-backend\\node_modules\\pg-pool\\index.js:45:11\n    at process.processTicksAndRejections (node:internal/process/task_queues:105:5)\n    at async LogDatabaseManager.connect (C:\\Users\\vikas\\OneDrive\\Desktop\\SaasBackend\\api-monitoring-backend\\src\\config\\log-database.ts:70:27)\n    at async bootstrap (C:\\Users\\vikas\\OneDrive\\Desktop\\SaasBackend\\api-monitoring-backend\\src\\main.ts:54:5)"},"msg":"Failed to start server"}
2026-05-19 15:20:11 +05:30: {"level":60,"time":1779184211885,"pid":20572,"env":"production","component":"bootstrap","err":{"type":"Error","message":"The server does not support SSL connections","stack":"Error: The server does not support SSL connections\n    at C:\\Users\\vikas\\OneDrive\\Desktop\\SaasBackend\\api-monitoring-backend\\node_modules\\pg-pool\\index.js:45:11\n    at process.processTicksAndRejections (node:internal/process/task_queues:105:5)\n    at async LogDatabaseManager.connect (C:\\Users\\vikas\\OneDrive\\Desktop\\SaasBackend\\api-monitoring-backend\\src\\config\\log-database.ts:70:27)\n    at async bootstrap (C:\\Users\\vikas\\OneDrive\\Desktop\\SaasBackend\\api-monitoring-backend\\src\\main.ts:54:5)"},"msg":"Failed to start server"}
2026-05-19 15:20:12 +05:30: {"level":30,"time":1779184212519,"pid":16528,"env":"production","component":"database","db":"neondb","serverTime":"2026-05-19T09:50:12.053Z","msg":"Primary database connected"}
2026-05-19 15:20:12 +05:30: {"level":30,"time":1779184212520,"pid":16528,"env":"production","component":"log-database","msg":"Testing log database connections"}
2026-05-19 15:20:12 +05:30: {"level":60,"time":1779184212677,"pid":16528,"env":"production","component":"bootstrap","err":{"type":"Error","message":"The server does not support SSL connections","stack":"Error: The server does not support SSL connections\n    at C:\\Users\\vikas\\OneDrive\\Desktop\\SaasBackend\\api-monitoring-backend\\node_modules\\pg-pool\\index.js:45:11\n    at process.processTicksAndRejections (node:internal/process/task_queues:105:5)\n    at async LogDatabaseManager.connect (C:\\Users\\vikas\\OneDrive\\Desktop\\SaasBackend\\api-monitoring-backend\\src\\config\\log-database.ts:70:27)\n    at async bootstrap (C:\\Users\\vikas\\OneDrive\\Desktop\\SaasBackend\\api-monitoring-backend\\src\\main.ts:54:5)"},"msg":"Failed to start server"}
2026-05-19 15:20:14 +05:30: ◇ injecting env (21) from .env // tip: ⌘ multiple files { path: ['.env.local', '.env'] }
2026-05-19 15:20:14 +05:30: ◇ injecting env (21) from .env // tip: ⌘ custom filepath { path: '/custom/path/.env' }
2026-05-19 15:20:14 +05:30: ◇ injecting env (21) from .env // tip: ⌘ suppress logs { quiet: true }
2026-05-19 15:20:14 +05:30: {"level":30,"time":1779184214970,"pid":8148,"env":"production","component":"bootstrap","msg":"Connecting to datastores"}
2026-05-19 15:20:14 +05:30: {"level":30,"time":1779184214985,"pid":21836,"env":"production","component":"bootstrap","msg":"Connecting to datastores"}
2026-05-19 15:20:15 +05:30: {"level":30,"time":1779184215009,"pid":26460,"env":"production","component":"bootstrap","msg":"Connecting to datastores"}
2026-05-19 15:20:15 +05:30: ◇ injecting env (21) from .env // tip: ⌘ custom filepath { path: '/custom/path/.env' }
2026-05-19 15:20:16 +05:30: {"level":30,"time":1779184216231,"pid":11996,"env":"production","component":"bootstrap","msg":"Connecting to datastores"}
2026-05-19 15:20:16 +05:30: ◇ injecting env (21) from .env // tip: ⌘ custom filepath { path: '/custom/path/.env' }
2026-05-19 15:20:16 +05:30: ◇ injecting env (21) from .env // tip: ◈ encrypted .env [www.dotenvx.com]
2026-05-19 15:20:17 +05:30: {"level":30,"time":1779184217551,"pid":22092,"env":"production","component":"bootstrap","msg":"Connecting to datastores"}
2026-05-19 15:20:17 +05:30: {"level":30,"time":1779184217553,"pid":4040,"env":"production","component":"bootstrap","msg":"Connecting to datastores"}
2026-05-19 15:20:19 +05:30: {"level":30,"time":1779184219360,"pid":8148,"env":"production","component":"database","db":"neondb","serverTime":"2026-05-19T09:50:18.906Z","msg":"Primary database connected"}
2026-05-19 15:20:19 +05:30: {"level":30,"time":1779184219361,"pid":8148,"env":"production","component":"log-database","msg":"Testing log database connections"}
2026-05-19 15:20:19 +05:30: {"level":60,"time":1779184219428,"pid":8148,"env":"production","component":"bootstrap","err":{"type":"Error","message":"The server does not support SSL connections","stack":"Error: The server does not support SSL connections\n    at C:\\Users\\vikas\\OneDrive\\Desktop\\SaasBackend\\api-monitoring-backend\\node_modules\\pg-pool\\index.js:45:11\n    at process.processTicksAndRejections (node:internal/process/task_queues:105:5)\n    at async LogDatabaseManager.connect (C:\\Users\\vikas\\OneDrive\\Desktop\\SaasBackend\\api-monitoring-backend\\src\\config\\log-database.ts:70:27)\n    at async bootstrap (C:\\Users\\vikas\\OneDrive\\Desktop\\SaasBackend\\api-monitoring-backend\\src\\main.ts:54:5)"},"msg":"Failed to start server"}
2026-05-19 15:20:20 +05:30: {"level":30,"time":1779184220176,"pid":11996,"env":"production","component":"database","db":"neondb","serverTime":"2026-05-19T09:50:19.653Z","msg":"Primary database connected"}
2026-05-19 15:20:20 +05:30: {"level":30,"time":1779184220177,"pid":11996,"env":"production","component":"log-database","msg":"Testing log database connections"}
2026-05-19 15:20:20 +05:30: {"level":60,"time":1779184220242,"pid":11996,"env":"production","component":"bootstrap","err":{"type":"Error","message":"The server does not support SSL connections","stack":"Error: The server does not support SSL connections\n    at C:\\Users\\vikas\\OneDrive\\Desktop\\SaasBackend\\api-monitoring-backend\\node_modules\\pg-pool\\index.js:45:11\n    at process.processTicksAndRejections (node:internal/process/task_queues:105:5)\n    at async LogDatabaseManager.connect (C:\\Users\\vikas\\OneDrive\\Desktop\\SaasBackend\\api-monitoring-backend\\src\\config\\log-database.ts:70:27)\n    at async bootstrap (C:\\Users\\vikas\\OneDrive\\Desktop\\SaasBackend\\api-monitoring-backend\\src\\main.ts:54:5)"},"msg":"Failed to start server"}
2026-05-19 15:20:21 +05:30: {"level":30,"time":1779184221499,"pid":4040,"env":"production","component":"database","db":"neondb","serverTime":"2026-05-19T09:50:21.004Z","msg":"Primary database connected"}
2026-05-19 15:20:21 +05:30: {"level":30,"time":1779184221498,"pid":22092,"env":"production","component":"database","db":"neondb","serverTime":"2026-05-19T09:50:21.015Z","msg":"Primary database connected"}
2026-05-19 15:20:21 +05:30: {"level":30,"time":1779184221500,"pid":4040,"env":"production","component":"log-database","msg":"Testing log database connections"}
2026-05-19 15:20:21 +05:30: {"level":30,"time":1779184221499,"pid":22092,"env":"production","component":"log-database","msg":"Testing log database connections"}
2026-05-19 15:20:21 +05:30: {"level":60,"time":1779184221547,"pid":4040,"env":"production","component":"bootstrap","err":{"type":"Error","message":"The server does not support SSL connections","stack":"Error: The server does not support SSL connections\n    at C:\\Users\\vikas\\OneDrive\\Desktop\\SaasBackend\\api-monitoring-backend\\node_modules\\pg-pool\\index.js:45:11\n    at process.processTicksAndRejections (node:internal/process/task_queues:105:5)\n    at async LogDatabaseManager.connect (C:\\Users\\vikas\\OneDrive\\Desktop\\SaasBackend\\api-monitoring-backend\\src\\config\\log-database.ts:70:27)\n    at async bootstrap (C:\\Users\\vikas\\OneDrive\\Desktop\\SaasBackend\\api-monitoring-backend\\src\\main.ts:54:5)"},"msg":"Failed to start server"}
2026-05-19 15:20:21 +05:30: {"level":60,"time":1779184221554,"pid":22092,"env":"production","component":"bootstrap","err":{"type":"Error","message":"The server does not support SSL connections","stack":"Error: The server does not support SSL connections\n    at C:\\Users\\vikas\\OneDrive\\Desktop\\SaasBackend\\api-monitoring-backend\\node_modules\\pg-pool\\index.js:45:11\n    at process.processTicksAndRejections (node:internal/process/task_queues:105:5)\n    at async LogDatabaseManager.connect (C:\\Users\\vikas\\OneDrive\\Desktop\\SaasBackend\\api-monitoring-backend\\src\\config\\log-database.ts:70:27)\n    at async bootstrap (C:\\Users\\vikas\\OneDrive\\Desktop\\SaasBackend\\api-monitoring-backend\\src\\main.ts:54:5)"},"msg":"Failed to start server"}
2026-05-19 15:20:21 +05:30: ◇ injecting env (21) from .env // tip: ⌁ auth for agents [www.vestauth.com]
2026-05-19 15:20:22 +05:30: ◇ injecting env (21) from .env // tip: ⌘ override existing { override: true }
2026-05-19 15:20:22 +05:30: {"level":30,"time":1779184222802,"pid":1500,"env":"production","component":"bootstrap","msg":"Connecting to datastores"}
2026-05-19 15:20:23 +05:30: ◇ injecting env (21) from .env // tip: ◈ secrets for agents [www.dotenvx.com]
2026-05-19 15:20:23 +05:30: {"level":30,"time":1779184223607,"pid":11512,"env":"production","component":"bootstrap","msg":"Connecting to datastores"}
2026-05-19 15:20:23 +05:30: {"level":30,"time":1779184223859,"pid":7392,"env":"production","component":"bootstrap","msg":"Connecting to datastores"}
2026-05-19 15:20:23 +05:30: ◇ injecting env (21) from .env // tip: ◈ secrets for agents [www.dotenvx.com]
2026-05-19 15:20:23 +05:30: ◇ injecting env (21) from .env // tip: ◈ encrypted .env [www.dotenvx.com]
2026-05-19 15:20:24 +05:30: {"level":30,"time":1779184224815,"pid":23328,"env":"production","component":"bootstrap","msg":"Connecting to datastores"}
2026-05-19 15:20:24 +05:30: {"level":30,"time":1779184224814,"pid":12572,"env":"production","component":"bootstrap","msg":"Connecting to datastores"}
2026-05-19 15:20:26 +05:30: {"level":30,"time":1779184226763,"pid":1500,"env":"production","component":"database","db":"neondb","serverTime":"2026-05-19T09:50:26.264Z","msg":"Primary database connected"}
2026-05-19 15:20:26 +05:30: {"level":30,"time":1779184226764,"pid":1500,"env":"production","component":"log-database","msg":"Testing log database connections"}
2026-05-19 15:20:26 +05:30: {"level":60,"time":1779184226832,"pid":1500,"env":"production","component":"bootstrap","err":{"type":"Error","message":"The server does not support SSL connections","stack":"Error: The server does not support SSL connections\n    at C:\\Users\\vikas\\OneDrive\\Desktop\\SaasBackend\\api-monitoring-backend\\node_modules\\pg-pool\\index.js:45:11\n    at process.processTicksAndRejections (node:internal/process/task_queues:105:5)\n    at async LogDatabaseManager.connect (C:\\Users\\vikas\\OneDrive\\Desktop\\SaasBackend\\api-monitoring-backend\\src\\config\\log-database.ts:70:27)\n    at async bootstrap (C:\\Users\\vikas\\OneDrive\\Desktop\\SaasBackend\\api-monitoring-backend\\src\\main.ts:54:5)"},"msg":"Failed to start server"}
2026-05-19 15:20:27 +05:30: {"level":30,"time":1779184227450,"pid":11512,"env":"production","component":"database","db":"neondb","serverTime":"2026-05-19T09:50:27.001Z","msg":"Primary database connected"}
2026-05-19 15:20:27 +05:30: {"level":30,"time":1779184227452,"pid":11512,"env":"production","component":"log-database","msg":"Testing log database connections"}
2026-05-19 15:20:27 +05:30: {"level":60,"time":1779184227518,"pid":11512,"env":"production","component":"bootstrap","err":{"type":"Error","message":"The server does not support SSL connections","stack":"Error: The server does not support SSL connections\n    at C:\\Users\\vikas\\OneDrive\\Desktop\\SaasBackend\\api-monitoring-backend\\node_modules\\pg-pool\\index.js:45:11\n    at process.processTicksAndRejections (node:internal/process/task_queues:105:5)\n    at async LogDatabaseManager.connect (C:\\Users\\vikas\\OneDrive\\Desktop\\SaasBackend\\api-monitoring-backend\\src\\config\\log-database.ts:70:27)\n    at async bootstrap (C:\\Users\\vikas\\OneDrive\\Desktop\\SaasBackend\\api-monitoring-backend\\src\\main.ts:54:5)"},"msg":"Failed to start server"}
2026-05-19 15:20:27 +05:30: {"level":30,"time":1779184227826,"pid":7392,"env":"production","component":"database","db":"neondb","serverTime":"2026-05-19T09:50:27.368Z","msg":"Primary database connected"}
2026-05-19 15:20:27 +05:30: {"level":30,"time":1779184227828,"pid":7392,"env":"production","component":"log-database","msg":"Testing log database connections"}
2026-05-19 15:20:27 +05:30: {"level":60,"time":1779184227920,"pid":7392,"env":"production","component":"bootstrap","err":{"type":"Error","message":"The server does not support SSL connections","stack":"Error: The server does not support SSL connections\n    at C:\\Users\\vikas\\OneDrive\\Desktop\\SaasBackend\\api-monitoring-backend\\node_modules\\pg-pool\\index.js:45:11\n    at process.processTicksAndRejections (node:internal/process/task_queues:105:5)\n    at async LogDatabaseManager.connect (C:\\Users\\vikas\\OneDrive\\Desktop\\SaasBackend\\api-monitoring-backend\\src\\config\\log-database.ts:70:27)\n    at async bootstrap (C:\\Users\\vikas\\OneDrive\\Desktop\\SaasBackend\\api-monitoring-backend\\src\\main.ts:54:5)"},"msg":"Failed to start server"}
2026-05-19 15:20:28 +05:30: {"level":30,"time":1779184228775,"pid":12572,"env":"production","component":"database","db":"neondb","serverTime":"2026-05-19T09:50:28.331Z","msg":"Primary database connected"}
2026-05-19 15:20:28 +05:30: {"level":30,"time":1779184228777,"pid":12572,"env":"production","component":"log-database","msg":"Testing log database connections"}
2026-05-19 15:20:28 +05:30: {"level":30,"time":1779184228783,"pid":23328,"env":"production","component":"database","db":"neondb","serverTime":"2026-05-19T09:50:28.329Z","msg":"Primary database connected"}
2026-05-19 15:20:28 +05:30: {"level":30,"time":1779184228784,"pid":23328,"env":"production","component":"log-database","msg":"Testing log database connections"}
2026-05-19 15:20:28 +05:30: {"level":60,"time":1779184228874,"pid":12572,"env":"production","component":"bootstrap","err":{"type":"Error","message":"The server does not support SSL connections","stack":"Error: The server does not support SSL connections\n    at C:\\Users\\vikas\\OneDrive\\Desktop\\SaasBackend\\api-monitoring-backend\\node_modules\\pg-pool\\index.js:45:11\n    at process.processTicksAndRejections (node:internal/process/task_queues:105:5)\n    at async LogDatabaseManager.connect (C:\\Users\\vikas\\OneDrive\\Desktop\\SaasBackend\\api-monitoring-backend\\src\\config\\log-database.ts:70:27)\n    at async bootstrap (C:\\Users\\vikas\\OneDrive\\Desktop\\SaasBackend\\api-monitoring-backend\\src\\main.ts:54:5)"},"msg":"Failed to start server"}
2026-05-19 15:20:28 +05:30: {"level":60,"time":1779184228877,"pid":23328,"env":"production","component":"bootstrap","err":{"type":"Error","message":"The server does not support SSL connections","stack":"Error: The server does not support SSL connections\n    at C:\\Users\\vikas\\OneDrive\\Desktop\\SaasBackend\\api-monitoring-backend\\node_modules\\pg-pool\\index.js:45:11\n    at process.processTicksAndRejections (node:internal/process/task_queues:105:5)\n    at async LogDatabaseManager.connect (C:\\Users\\vikas\\OneDrive\\Desktop\\SaasBackend\\api-monitoring-backend\\src\\config\\log-database.ts:70:27)\n    at async bootstrap (C:\\Users\\vikas\\OneDrive\\Desktop\\SaasBackend\\api-monitoring-backend\\src\\main.ts:54:5)"},"msg":"Failed to start server"}
2026-05-19 15:20:29 +05:30: ◇ injecting env (21) from .env // tip: ⌘ override existing { override: true }
2026-05-19 15:20:29 +05:30: ◇ injecting env (21) from .env // tip: ◈ encrypted .env [www.dotenvx.com]
2026-05-19 15:20:30 +05:30: ◇ injecting env (21) from .env // tip: ⌘ suppress logs { quiet: true }
2026-05-19 15:20:30 +05:30: {"level":30,"time":1779184230326,"pid":3292,"env":"production","component":"bootstrap","msg":"Connecting to datastores"}
2026-05-19 15:20:30 +05:30: {"level":30,"time":1779184230966,"pid":5476,"env":"production","component":"bootstrap","msg":"Connecting to datastores"}
2026-05-19 15:20:31 +05:30: {"level":30,"time":1779184231275,"pid":25560,"env":"production","component":"bootstrap","msg":"Connecting to datastores"}
2026-05-19 15:20:31 +05:30: ◇ injecting env (21) from .env // tip: ⌘ enable debugging { debug: true }
2026-05-19 15:20:31 +05:30: ◇ injecting env (21) from .env // tip: ⌘ multiple files { path: ['.env.local', '.env'] }
2026-05-19 15:20:32 +05:30: {"level":30,"time":1779184232197,"pid":748,"env":"production","component":"bootstrap","msg":"Connecting to datastores"}
2026-05-19 15:20:32 +05:30: {"level":30,"time":1779184232207,"pid":2900,"env":"production","component":"bootstrap","msg":"Connecting to datastores"}
2026-05-19 15:20:32 +05:30: ◇ injecting env (21) from .env // tip: ◈ secrets for agents [www.dotenvx.com]
2026-05-19 15:20:32 +05:30: ◇ injecting env (21) from .env // tip: ⌘ enable debugging { debug: true }
2026-05-19 15:20:38 +05:30: ◇ injecting env (21) from .env // tip: ◈ encrypted .env [www.dotenvx.com]
2026-05-19 15:20:39 +05:30: {"level":30,"time":1779184239351,"pid":21152,"env":"production","component":"bootstrap","msg":"Connecting to datastores"}
2026-05-19 15:20:43 +05:30: {"level":30,"time":1779184243038,"pid":21152,"env":"production","component":"database","db":"neondb","serverTime":"2026-05-19T09:50:42.592Z","msg":"Primary database connected"}
2026-05-19 15:20:43 +05:30: {"level":30,"time":1779184243039,"pid":21152,"env":"production","component":"log-database","msg":"Testing log database connections"}
2026-05-19 15:20:43 +05:30: {"level":60,"time":1779184243122,"pid":21152,"env":"production","component":"bootstrap","err":{"type":"Error","message":"The server does not support SSL connections","stack":"Error: The server does not support SSL connections\n    at C:\\Users\\vikas\\OneDrive\\Desktop\\SaasBackend\\api-monitoring-backend\\node_modules\\pg-pool\\index.js:45:11\n    at process.processTicksAndRejections (node:internal/process/task_queues:105:5)\n    at async LogDatabaseManager.connect (C:\\Users\\vikas\\OneDrive\\Desktop\\SaasBackend\\api-monitoring-backend\\src\\config\\log-database.ts:70:27)\n    at async bootstrap (C:\\Users\\vikas\\OneDrive\\Desktop\\SaasBackend\\api-monitoring-backend\\src\\main.ts:54:5)"},"msg":"Failed to start server"}
2026-05-19 15:20:46 +05:30: ◇ injecting env (21) from .env // tip: ⌘ multiple files { path: ['.env.local', '.env'] }
2026-05-19 15:21:03 +05:30: ◇ injecting env (21) from .env // tip: ⌘ override existing { override: true }
2026-05-19 15:21:09 +05:30: [ORGANIZATION:Module] Organization module registered 
2026-05-19 15:21:11 +05:30: ◇ injecting env (21) from .env // tip: ◈ encrypted .env [www.dotenvx.com]
2026-05-19 15:21:16 +05:30: [ORGANIZATION:Module] Organization module registered 
2026-05-19 15:21:17 +05:30: ◇ injecting env (21) from .env // tip: ⌘ override existing { override: true }
2026-05-19 15:21:24 +05:30: [ORGANIZATION:Module] Organization module registered 
2026-05-19 15:21:26 +05:30: ◇ injecting env (21) from .env // tip: ⌁ auth for agents [www.vestauth.com]
2026-05-19 15:21:32 +05:30: [ORGANIZATION:Module] Organization module registered 
2026-05-19 15:21:33 +05:30: ◇ injecting env (21) from .env // tip: ⌘ multiple files { path: ['.env.local', '.env'] }
2026-05-19 15:21:40 +05:30: [ORGANIZATION:Module] Organization module registered 
2026-05-19 15:21:42 +05:30: ◇ injecting env (21) from .env // tip: ◈ encrypted .env [www.dotenvx.com]
2026-05-19 15:21:49 +05:30: [ORGANIZATION:Module] Organization module registered 
2026-05-19 15:21:50 +05:30: ◇ injecting env (21) from .env // tip: ⌘ suppress logs { quiet: true }
2026-05-19 15:21:57 +05:30: [ORGANIZATION:Module] Organization module registered 
2026-05-19 15:21:59 +05:30: ◇ injecting env (21) from .env // tip: ⌘ enable debugging { debug: true }
2026-05-19 15:22:06 +05:30: [ORGANIZATION:Module] Organization module registered 
2026-05-19 15:22:08 +05:30: ◇ injecting env (21) from .env // tip: ◈ secrets for agents [www.dotenvx.com]
2026-05-19 15:22:14 +05:30: [ORGANIZATION:Module] Organization module registered 
2026-05-19 15:22:15 +05:30: ◇ injecting env (21) from .env // tip: ⌘ multiple files { path: ['.env.local', '.env'] }
2026-05-19 15:22:22 +05:30: [ORGANIZATION:Module] Organization module registered 
2026-05-19 15:22:24 +05:30: ◇ injecting env (21) from .env // tip: ⌘ suppress logs { quiet: true }
2026-05-19 15:22:31 +05:30: [ORGANIZATION:Module] Organization module registered 
2026-05-19 15:22:32 +05:30: ◇ injecting env (21) from .env // tip: ⌁ auth for agents [www.vestauth.com]
2026-05-19 15:22:39 +05:30: [ORGANIZATION:Module] Organization module registered 
2026-05-19 15:37:01 +05:30: ◇ injecting env (21) from .env // tip: ⌘ multiple files { path: ['.env.local', '.env'] }
2026-05-19 15:37:01 +05:30: ◇ injecting env (21) from .env // tip: ⌘ custom filepath { path: '/custom/path/.env' }
2026-05-19 15:37:08 +05:30: [ORGANIZATION:Module] Organization module registered 
2026-05-19 15:37:08 +05:30: [ORGANIZATION:Module] Organization module registered 
2026-05-19 15:37:09 +05:30: ◇ injecting env (21) from .env // tip: ⌁ auth for agents [www.vestauth.com]
2026-05-19 15:37:10 +05:30: ◇ injecting env (21) from .env // tip: ⌘ multiple files { path: ['.env.local', '.env'] }
2026-05-19 15:37:15 +05:30: [ORGANIZATION:Module] Organization module registered 
2026-05-19 15:37:15 +05:30: [ORGANIZATION:Module] Organization module registered 
2026-05-19 15:37:16 +05:30: ◇ injecting env (21) from .env // tip: ⌘ enable debugging { debug: true }
2026-05-19 15:37:16 +05:30: ◇ injecting env (21) from .env // tip: ⌁ auth for agents [www.vestauth.com]
2026-05-19 15:37:22 +05:30: [ORGANIZATION:Module] Organization module registered 
2026-05-19 15:37:22 +05:30: [ORGANIZATION:Module] Organization module registered 
2026-05-19 15:37:23 +05:30: ◇ injecting env (21) from .env // tip: ⌘ enable debugging { debug: true }
2026-05-19 15:37:24 +05:30: ◇ injecting env (21) from .env // tip: ⌘ override existing { override: true }
2026-05-19 15:37:29 +05:30: [ORGANIZATION:Module] Organization module registered 
2026-05-19 15:37:29 +05:30: [ORGANIZATION:Module] Organization module registered 
2026-05-19 15:37:31 +05:30: ◇ injecting env (21) from .env // tip: ⌘ multiple files { path: ['.env.local', '.env'] }
2026-05-19 15:37:31 +05:30: ◇ injecting env (21) from .env // tip: ◈ encrypted .env [www.dotenvx.com]
2026-05-19 15:37:36 +05:30: [ORGANIZATION:Module] Organization module registered 
2026-05-19 15:37:36 +05:30: [ORGANIZATION:Module] Organization module registered 
2026-05-19 15:37:38 +05:30: ◇ injecting env (21) from .env // tip: ⌘ custom filepath { path: '/custom/path/.env' }
2026-05-19 15:37:38 +05:30: ◇ injecting env (21) from .env // tip: ⌘ multiple files { path: ['.env.local', '.env'] }
2026-05-19 15:37:44 +05:30: [ORGANIZATION:Module] Organization module registered 
2026-05-19 15:37:44 +05:30: [ORGANIZATION:Module] Organization module registered 
